<?xml version="1.0" encoding="UTF-8"?>
<!-- Generated by org.testng.reporters.JUnitReportReporter -->
<testsuite skipped="0" hostname="MMT-LPT-7667" name="demo.EqualCase" tests="1" failures="0" timestamp="30 Apr 2019 17:49:44 GMT" time="0.015" errors="0">
  <testcase name="run" time="0.015" classname="demo.EqualCase"/>
</testsuite> <!-- demo.EqualCase -->
