<?xml version="1.0" encoding="UTF-8"?>
<!-- Generated by org.testng.reporters.JUnitReportReporter -->
<testsuite skipped="0" hostname="MMT-LPT-7667" name="BuilderFramework.BuiderPattern" tests="3" failures="0" timestamp="07 Oct 2019 16:09:49 GMT" time="0.066" errors="0">
  <testcase name="TestBuilderPattern_1" time="0.022" classname="BuilderFramework.BuiderPattern"/>
  <testcase name="TestBuilderPattern_3" time="0.022" classname="BuilderFramework.BuiderPattern"/>
  <testcase name="TestBuilderPattern_2" time="0.022" classname="BuilderFramework.BuiderPattern"/>
</testsuite> <!-- BuilderFramework.BuiderPattern -->
